<?xml version="1.0" encoding="UTF-8"?>
<!-- Generated by org.testng.reporters.JUnitReportReporter -->
<testsuite hostname="TokhiPC" failures="0" tests="9" name="TCs.P_P_C_Validation_TC" time="82.918" errors="0" timestamp="2023-05-13T02:45:33 AST" skipped="0">
  <testcase classname="TCs.P_P_C_Validation_TC" name="ValidatePackageDetails_TC" time="8.335"/>
  <system-out/>
  <testcase classname="TCs.P_P_C_Validation_TC" name="ValidatePackageDetails_TC" time="8.529"/>
  <system-out/>
  <testcase classname="TCs.P_P_C_Validation_TC" name="ValidatePackageDetails_TC" time="9.887"/>
  <system-out/>
  <testcase classname="TCs.P_P_C_Validation_TC" name="ValidatePackageDetails_TC" time="9.196"/>
  <system-out/>
  <testcase classname="TCs.P_P_C_Validation_TC" name="ValidatePackageDetails_TC" time="9.180"/>
  <system-out/>
  <testcase classname="TCs.P_P_C_Validation_TC" name="ValidatePackageDetails_TC" time="9.178"/>
  <system-out/>
  <testcase classname="TCs.P_P_C_Validation_TC" name="ValidatePackageDetails_TC" time="9.501"/>
  <system-out/>
  <testcase classname="TCs.P_P_C_Validation_TC" name="ValidatePackageDetails_TC" time="10.598"/>
  <system-out/>
  <testcase classname="TCs.P_P_C_Validation_TC" name="ValidatePackageDetails_TC" time="8.514"/>
  <system-out/>
</testsuite> <!-- TCs.P_P_C_Validation_TC -->
